  Display.cpp
  BaseMaterial.cpp
C:\Users\bigue\Downloads\TP2_imn401_version_finale 1\Materials\BaseMaterial\BaseMaterial.cpp(77,13): warning C4244: 'initialisation' : conversion de 'double' en 'float', perte possible de données
C:\Users\bigue\Downloads\TP2_imn401_version_finale 1\Materials\BaseMaterial\BaseMaterial.cpp(79,16): warning C4244: '=' : conversion de 'double' en 'float', perte possible de données
  LumiereMaterial.cpp
  PhongMaterial.cpp
  SphereMaterial.cpp
C:\Users\bigue\Downloads\TP2_imn401_version_finale 1\Materials\SphereMaterial\SphereMaterial.cpp(76,13): warning C4244: 'initialisation' : conversion de 'double' en 'float', perte possible de données
C:\Users\bigue\Downloads\TP2_imn401_version_finale 1\Materials\SphereMaterial\SphereMaterial.cpp(79,44): warning C4244: 'argument' : conversion de 'double' en 'float', perte possible de données
  Application.cpp
  Camera.cpp
  EffectGL.cpp
  EngineGL.cpp
  Frame.cpp
  FrameBufferObject.cpp
  GeometricModel.cpp
  AssimpLoader.cpp
  OBJLoader.cpp
  GLProgram.cpp
  GLProgramPipeline.cpp
  Main.cpp
  MaterialGL.cpp
  ModelGL.cpp
  Node.cpp
  Génération de code en cours...
  Compilation en cours...
  Scene.cpp
  Texture2D.cpp
  image_DXT.cpp
  imgui.cpp
  imgui_demo.cpp
  imgui_draw.cpp
  imgui_impl_glfw_gl3.cpp
  ImGUILogger.cpp
  PhongMaterialTP3.cpp
C:\Users\bigue\Downloads\TP2_imn401_version_finale 1\Materials\PhongMaterialTP3\PhongMaterialTP3.cpp(106,45): warning C4244: 'argument' : conversion de 'GLuint64' en 'GLint', perte possible de données
  TextureMaterial.cpp
  Génération de code en cours...
  glad.c
  IMN401-Application.vcxproj -> C:\Users\bigue\Downloads\TP2_imn401_version_finale 1\x64\Debug\IMN401-Application.exe
