c:\users\bigue\downloads\tp2_imn401_version_finale\imn401-application\imn401-application\x64\debug\vc143.pdb
c:\users\bigue\downloads\tp2_imn401_version_finale\imn401-application\imn401-application\x64\debug\vc143.idb
c:\users\bigue\downloads\tp2_imn401_version_finale\imn401-application\imn401-application\x64\debug\node.obj
c:\users\bigue\downloads\tp2_imn401_version_finale\imn401-application\imn401-application\x64\debug\modelgl.obj
c:\users\bigue\downloads\tp2_imn401_version_finale\imn401-application\imn401-application\x64\debug\materialgl.obj
c:\users\bigue\downloads\tp2_imn401_version_finale\imn401-application\imn401-application\x64\debug\main.obj
c:\users\bigue\downloads\tp2_imn401_version_finale\imn401-application\imn401-application\x64\debug\glprogrampipeline.obj
c:\users\bigue\downloads\tp2_imn401_version_finale\imn401-application\imn401-application\x64\debug\glprogram.obj
c:\users\bigue\downloads\tp2_imn401_version_finale\imn401-application\imn401-application\x64\debug\objloader.obj
c:\users\bigue\downloads\tp2_imn401_version_finale\imn401-application\imn401-application\x64\debug\assimploader.obj
c:\users\bigue\downloads\tp2_imn401_version_finale\imn401-application\imn401-application\x64\debug\geometricmodel.obj
c:\users\bigue\downloads\tp2_imn401_version_finale\imn401-application\imn401-application\x64\debug\framebufferobject.obj
c:\users\bigue\downloads\tp2_imn401_version_finale\imn401-application\imn401-application\x64\debug\frame.obj
c:\users\bigue\downloads\tp2_imn401_version_finale\imn401-application\imn401-application\x64\debug\enginegl.obj
c:\users\bigue\downloads\tp2_imn401_version_finale\imn401-application\imn401-application\x64\debug\effectgl.obj
c:\users\bigue\downloads\tp2_imn401_version_finale\imn401-application\imn401-application\x64\debug\camera.obj
c:\users\bigue\downloads\tp2_imn401_version_finale\imn401-application\imn401-application\x64\debug\application.obj
c:\users\bigue\downloads\tp2_imn401_version_finale\imn401-application\imn401-application\x64\debug\spherematerial.obj
c:\users\bigue\downloads\tp2_imn401_version_finale\imn401-application\imn401-application\x64\debug\phongmaterial.obj
c:\users\bigue\downloads\tp2_imn401_version_finale\imn401-application\imn401-application\x64\debug\lumierematerial.obj
c:\users\bigue\downloads\tp2_imn401_version_finale\imn401-application\imn401-application\x64\debug\basematerial.obj
c:\users\bigue\downloads\tp2_imn401_version_finale\imn401-application\imn401-application\x64\debug\display.obj
c:\users\bigue\downloads\tp2_imn401_version_finale\imn401-application\imn401-application\x64\debug\imguilogger.obj
c:\users\bigue\downloads\tp2_imn401_version_finale\imn401-application\imn401-application\x64\debug\imgui_impl_glfw_gl3.obj
c:\users\bigue\downloads\tp2_imn401_version_finale\imn401-application\imn401-application\x64\debug\imgui_draw.obj
c:\users\bigue\downloads\tp2_imn401_version_finale\imn401-application\imn401-application\x64\debug\imgui_demo.obj
c:\users\bigue\downloads\tp2_imn401_version_finale\imn401-application\imn401-application\x64\debug\imgui.obj
c:\users\bigue\downloads\tp2_imn401_version_finale\imn401-application\imn401-application\x64\debug\image_dxt.obj
c:\users\bigue\downloads\tp2_imn401_version_finale\imn401-application\imn401-application\x64\debug\texture2d.obj
c:\users\bigue\downloads\tp2_imn401_version_finale\imn401-application\imn401-application\x64\debug\scene.obj
c:\users\bigue\downloads\tp2_imn401_version_finale\imn401-application\imn401-application\x64\debug\glad.obj
c:\users\bigue\downloads\tp2_imn401_version_finale\imn401-application\imn401-application\x64\debug\imn401-application.ilk
c:\users\bigue\downloads\tp2_imn401_version_finale\imn401-application\x64\debug\imn401-application.exe
c:\users\bigue\downloads\tp2_imn401_version_finale\imn401-application\x64\debug\imn401-application.pdb
c:\users\bigue\downloads\tp2_imn401_version_finale\imn401-application\imn401-application\x64\debug\basematerial.obj.enc
c:\users\bigue\downloads\tp2_imn401_version_finale\imn401-application\imn401-application\x64\debug\imn401-a.7bfe6e7a.tlog\cl.command.1.tlog
c:\users\bigue\downloads\tp2_imn401_version_finale\imn401-application\imn401-application\x64\debug\imn401-a.7bfe6e7a.tlog\cl.items.tlog
c:\users\bigue\downloads\tp2_imn401_version_finale\imn401-application\imn401-application\x64\debug\imn401-a.7bfe6e7a.tlog\cl.read.1.tlog
c:\users\bigue\downloads\tp2_imn401_version_finale\imn401-application\imn401-application\x64\debug\imn401-a.7bfe6e7a.tlog\cl.write.1.tlog
c:\users\bigue\downloads\tp2_imn401_version_finale\imn401-application\imn401-application\x64\debug\imn401-a.7bfe6e7a.tlog\link.command.1.tlog
c:\users\bigue\downloads\tp2_imn401_version_finale\imn401-application\imn401-application\x64\debug\imn401-a.7bfe6e7a.tlog\link.read.1.tlog
c:\users\bigue\downloads\tp2_imn401_version_finale\imn401-application\imn401-application\x64\debug\imn401-a.7bfe6e7a.tlog\link.write.1.tlog
